

*******************************************************************************
Wed Oct 01 11:48:56 2014


FIT:    data read from "Temperatura_Min_Max_jal.dat" u 1:2
        format = x:z
        x range restricted to [1970.00 : 2015.00]
        #datapoints = 43
        residuals are weighted equally (unit weight)

function used for fitting: r1(x)
	r1(x) = M1*x+B1
fitted parameters initialized with current variable values

iter      chisq       delta/lim  lambda   M1            B1           
   0 1.6872231568e+08  0.00e+00 1.41e+03  1.000000e+00  1.000000e+00
   8 1.2166920870e+01 -2.26e-05 1.41e-05  1.115977e-02 -1.004422e+01

After 8 iterations the fit converged.
final sum of squares of residuals : 12.1669
rel. change during last iteration : -2.26277e-010

degrees of freedom    (FIT_NDF)                        : 41
rms of residuals      (FIT_STDFIT) = sqrt(WSSR/ndf)    : 0.544751
variance of residuals (reduced chisquare) = WSSR/ndf   : 0.296754

Final set of parameters            Asymptotic Standard Error
=======================            ==========================
M1              = 0.0111598        +/- 0.006694     (59.99%)
B1              = -10.0442         +/- 13.34        (132.8%)

correlation matrix of the fit parameters:
                M1     B1     
M1              1.000 
B1             -1.000  1.000 


*******************************************************************************
Wed Oct 01 11:48:57 2014


FIT:    data read from "Temperatura_Min_Max_jal.dat" u 1:3
        format = x:z
        x range restricted to [1970.00 : 2015.00]
        #datapoints = 43
        residuals are weighted equally (unit weight)

function used for fitting: r2(x)
	r2(x) = M2*x+B2
fitted parameters initialized with current variable values

iter      chisq       delta/lim  lambda   M2            B2           
   0 1.6588992720e+08  0.00e+00 1.41e+03  1.000000e+00  1.000000e+00
   8 7.6272183630e+00 -8.73e-05 1.41e-05  5.376019e-03  1.817469e+01

After 8 iterations the fit converged.
final sum of squares of residuals : 7.62722
rel. change during last iteration : -8.7302e-010

degrees of freedom    (FIT_NDF)                        : 41
rms of residuals      (FIT_STDFIT) = sqrt(WSSR/ndf)    : 0.431312
variance of residuals (reduced chisquare) = WSSR/ndf   : 0.18603

Final set of parameters            Asymptotic Standard Error
=======================            ==========================
M2              = 0.00537602       +/- 0.0053       (98.59%)
B2              = 18.1747          +/- 10.56        (58.09%)

correlation matrix of the fit parameters:
                M2     B2     
M2              1.000 
B2             -1.000  1.000 


*******************************************************************************
Wed Oct 01 11:49:49 2014


FIT:    data read from "Temperatura_Min_Max_jal.dat" u 1:2
        format = x:z
        x range restricted to [1970.00 : 2015.00]
        #datapoints = 43
        residuals are weighted equally (unit weight)

function used for fitting: r1(x)
	r1(x) = M1*x+B1
fitted parameters initialized with current variable values

iter      chisq       delta/lim  lambda   M1            B1           
   0 1.6872231568e+08  0.00e+00 1.41e+03  1.000000e+00  1.000000e+00
   8 1.2166920870e+01 -2.26e-05 1.41e-05  1.115977e-02 -1.004422e+01

After 8 iterations the fit converged.
final sum of squares of residuals : 12.1669
rel. change during last iteration : -2.26277e-010

degrees of freedom    (FIT_NDF)                        : 41
rms of residuals      (FIT_STDFIT) = sqrt(WSSR/ndf)    : 0.544751
variance of residuals (reduced chisquare) = WSSR/ndf   : 0.296754

Final set of parameters            Asymptotic Standard Error
=======================            ==========================
M1              = 0.0111598        +/- 0.006694     (59.99%)
B1              = -10.0442         +/- 13.34        (132.8%)

correlation matrix of the fit parameters:
                M1     B1     
M1              1.000 
B1             -1.000  1.000 


*******************************************************************************
Wed Oct 01 11:49:49 2014


FIT:    data read from "Temperatura_Min_Max_jal.dat" u 1:3
        format = x:z
        x range restricted to [1970.00 : 2015.00]
        #datapoints = 43
        residuals are weighted equally (unit weight)

function used for fitting: r2(x)
	r2(x) = M2*x+B2
fitted parameters initialized with current variable values

iter      chisq       delta/lim  lambda   M2            B2           
   0 1.6588992720e+08  0.00e+00 1.41e+03  1.000000e+00  1.000000e+00
   8 7.6272183630e+00 -8.73e-05 1.41e-05  5.376019e-03  1.817469e+01

After 8 iterations the fit converged.
final sum of squares of residuals : 7.62722
rel. change during last iteration : -8.7302e-010

degrees of freedom    (FIT_NDF)                        : 41
rms of residuals      (FIT_STDFIT) = sqrt(WSSR/ndf)    : 0.431312
variance of residuals (reduced chisquare) = WSSR/ndf   : 0.18603

Final set of parameters            Asymptotic Standard Error
=======================            ==========================
M2              = 0.00537602       +/- 0.0053       (98.59%)
B2              = 18.1747          +/- 10.56        (58.09%)

correlation matrix of the fit parameters:
                M2     B2     
M2              1.000 
B2             -1.000  1.000 


*******************************************************************************
Wed Oct 01 11:50:22 2014


FIT:    data read from "Temperatura_Min_Max_jal.dat" u 1:2
        format = x:z
        x range restricted to [1970.00 : 2015.00]
        #datapoints = 43
        residuals are weighted equally (unit weight)

function used for fitting: r1(x)
	r1(x) = M1*x+B1
fitted parameters initialized with current variable values

iter      chisq       delta/lim  lambda   M1            B1           
   0 1.6872231568e+08  0.00e+00 1.41e+03  1.000000e+00  1.000000e+00
   8 1.2166920870e+01 -2.26e-05 1.41e-05  1.115977e-02 -1.004422e+01

After 8 iterations the fit converged.
final sum of squares of residuals : 12.1669
rel. change during last iteration : -2.26277e-010

degrees of freedom    (FIT_NDF)                        : 41
rms of residuals      (FIT_STDFIT) = sqrt(WSSR/ndf)    : 0.544751
variance of residuals (reduced chisquare) = WSSR/ndf   : 0.296754

Final set of parameters            Asymptotic Standard Error
=======================            ==========================
M1              = 0.0111598        +/- 0.006694     (59.99%)
B1              = -10.0442         +/- 13.34        (132.8%)

correlation matrix of the fit parameters:
                M1     B1     
M1              1.000 
B1             -1.000  1.000 


*******************************************************************************
Wed Oct 01 11:50:22 2014


FIT:    data read from "Temperatura_Min_Max_jal.dat" u 1:3
        format = x:z
        x range restricted to [1970.00 : 2015.00]
        #datapoints = 43
        residuals are weighted equally (unit weight)

function used for fitting: r2(x)
	r2(x) = M2*x+B2
fitted parameters initialized with current variable values

iter      chisq       delta/lim  lambda   M2            B2           
   0 1.6588992720e+08  0.00e+00 1.41e+03  1.000000e+00  1.000000e+00
   8 7.6272183630e+00 -8.73e-05 1.41e-05  5.376019e-03  1.817469e+01

After 8 iterations the fit converged.
final sum of squares of residuals : 7.62722
rel. change during last iteration : -8.7302e-010

degrees of freedom    (FIT_NDF)                        : 41
rms of residuals      (FIT_STDFIT) = sqrt(WSSR/ndf)    : 0.431312
variance of residuals (reduced chisquare) = WSSR/ndf   : 0.18603

Final set of parameters            Asymptotic Standard Error
=======================            ==========================
M2              = 0.00537602       +/- 0.0053       (98.59%)
B2              = 18.1747          +/- 10.56        (58.09%)

correlation matrix of the fit parameters:
                M2     B2     
M2              1.000 
B2             -1.000  1.000 


*******************************************************************************
Wed Oct 01 11:51:14 2014


FIT:    data read from "Temperatura_Min_Max_jal.dat" u 1:2
        format = x:z
        x range restricted to [1970.00 : 2015.00]
        #datapoints = 43
        residuals are weighted equally (unit weight)

function used for fitting: r1(x)
	r1(x) = M1*x+B1
fitted parameters initialized with current variable values

iter      chisq       delta/lim  lambda   M1            B1           
   0 1.6872231568e+08  0.00e+00 1.41e+03  1.000000e+00  1.000000e+00
   8 1.2166920870e+01 -2.26e-05 1.41e-05  1.115977e-02 -1.004422e+01

After 8 iterations the fit converged.
final sum of squares of residuals : 12.1669
rel. change during last iteration : -2.26277e-010

degrees of freedom    (FIT_NDF)                        : 41
rms of residuals      (FIT_STDFIT) = sqrt(WSSR/ndf)    : 0.544751
variance of residuals (reduced chisquare) = WSSR/ndf   : 0.296754

Final set of parameters            Asymptotic Standard Error
=======================            ==========================
M1              = 0.0111598        +/- 0.006694     (59.99%)
B1              = -10.0442         +/- 13.34        (132.8%)

correlation matrix of the fit parameters:
                M1     B1     
M1              1.000 
B1             -1.000  1.000 


*******************************************************************************
Wed Oct 01 11:51:14 2014


FIT:    data read from "Temperatura_Min_Max_jal.dat" u 1:3
        format = x:z
        x range restricted to [1970.00 : 2015.00]
        #datapoints = 43
        residuals are weighted equally (unit weight)

function used for fitting: r2(x)
	r2(x) = M2*x+B2
fitted parameters initialized with current variable values

iter      chisq       delta/lim  lambda   M2            B2           
   0 1.6588992720e+08  0.00e+00 1.41e+03  1.000000e+00  1.000000e+00
   8 7.6272183630e+00 -8.73e-05 1.41e-05  5.376019e-03  1.817469e+01

After 8 iterations the fit converged.
final sum of squares of residuals : 7.62722
rel. change during last iteration : -8.7302e-010

degrees of freedom    (FIT_NDF)                        : 41
rms of residuals      (FIT_STDFIT) = sqrt(WSSR/ndf)    : 0.431312
variance of residuals (reduced chisquare) = WSSR/ndf   : 0.18603

Final set of parameters            Asymptotic Standard Error
=======================            ==========================
M2              = 0.00537602       +/- 0.0053       (98.59%)
B2              = 18.1747          +/- 10.56        (58.09%)

correlation matrix of the fit parameters:
                M2     B2     
M2              1.000 
B2             -1.000  1.000 


*******************************************************************************
Wed Oct 01 11:52:01 2014


FIT:    data read from "Temperatura_Min_Max_jal.dat" u 1:2
        format = x:z
        x range restricted to [1970.00 : 2015.00]
        #datapoints = 43
        residuals are weighted equally (unit weight)

function used for fitting: r1(x)
	r1(x) = M1*x+B1
fitted parameters initialized with current variable values

iter      chisq       delta/lim  lambda   M1            B1           
   0 1.6872231568e+08  0.00e+00 1.41e+03  1.000000e+00  1.000000e+00
   8 1.2166920870e+01 -2.26e-05 1.41e-05  1.115977e-02 -1.004422e+01

After 8 iterations the fit converged.
final sum of squares of residuals : 12.1669
rel. change during last iteration : -2.26277e-010

degrees of freedom    (FIT_NDF)                        : 41
rms of residuals      (FIT_STDFIT) = sqrt(WSSR/ndf)    : 0.544751
variance of residuals (reduced chisquare) = WSSR/ndf   : 0.296754

Final set of parameters            Asymptotic Standard Error
=======================            ==========================
M1              = 0.0111598        +/- 0.006694     (59.99%)
B1              = -10.0442         +/- 13.34        (132.8%)

correlation matrix of the fit parameters:
                M1     B1     
M1              1.000 
B1             -1.000  1.000 


*******************************************************************************
Wed Oct 01 11:52:01 2014


FIT:    data read from "Temperatura_Min_Max_jal.dat" u 1:3
        format = x:z
        x range restricted to [1970.00 : 2015.00]
        #datapoints = 43
        residuals are weighted equally (unit weight)

function used for fitting: r2(x)
	r2(x) = M2*x+B2
fitted parameters initialized with current variable values

iter      chisq       delta/lim  lambda   M2            B2           
   0 1.6588992720e+08  0.00e+00 1.41e+03  1.000000e+00  1.000000e+00
   8 7.6272183630e+00 -8.73e-05 1.41e-05  5.376019e-03  1.817469e+01

After 8 iterations the fit converged.
final sum of squares of residuals : 7.62722
rel. change during last iteration : -8.7302e-010

degrees of freedom    (FIT_NDF)                        : 41
rms of residuals      (FIT_STDFIT) = sqrt(WSSR/ndf)    : 0.431312
variance of residuals (reduced chisquare) = WSSR/ndf   : 0.18603

Final set of parameters            Asymptotic Standard Error
=======================            ==========================
M2              = 0.00537602       +/- 0.0053       (98.59%)
B2              = 18.1747          +/- 10.56        (58.09%)

correlation matrix of the fit parameters:
                M2     B2     
M2              1.000 
B2             -1.000  1.000 


*******************************************************************************
Wed Oct 01 11:52:14 2014


FIT:    data read from "Temperatura_Min_Max_jal.dat" u 1:2
        format = x:z
        x range restricted to [1970.00 : 2015.00]
        #datapoints = 43
        residuals are weighted equally (unit weight)

function used for fitting: r1(x)
	r1(x) = M1*x+B1
fitted parameters initialized with current variable values

iter      chisq       delta/lim  lambda   M1            B1           
   0 1.6872231568e+08  0.00e+00 1.41e+03  1.000000e+00  1.000000e+00
   8 1.2166920870e+01 -2.26e-05 1.41e-05  1.115977e-02 -1.004422e+01

After 8 iterations the fit converged.
final sum of squares of residuals : 12.1669
rel. change during last iteration : -2.26277e-010

degrees of freedom    (FIT_NDF)                        : 41
rms of residuals      (FIT_STDFIT) = sqrt(WSSR/ndf)    : 0.544751
variance of residuals (reduced chisquare) = WSSR/ndf   : 0.296754

Final set of parameters            Asymptotic Standard Error
=======================            ==========================
M1              = 0.0111598        +/- 0.006694     (59.99%)
B1              = -10.0442         +/- 13.34        (132.8%)

correlation matrix of the fit parameters:
                M1     B1     
M1              1.000 
B1             -1.000  1.000 


*******************************************************************************
Wed Oct 01 11:52:14 2014


FIT:    data read from "Temperatura_Min_Max_jal.dat" u 1:3
        format = x:z
        x range restricted to [1970.00 : 2015.00]
        #datapoints = 43
        residuals are weighted equally (unit weight)

function used for fitting: r2(x)
	r2(x) = M2*x+B2
fitted parameters initialized with current variable values

iter      chisq       delta/lim  lambda   M2            B2           
   0 1.6588992720e+08  0.00e+00 1.41e+03  1.000000e+00  1.000000e+00
   8 7.6272183630e+00 -8.73e-05 1.41e-05  5.376019e-03  1.817469e+01

After 8 iterations the fit converged.
final sum of squares of residuals : 7.62722
rel. change during last iteration : -8.7302e-010

degrees of freedom    (FIT_NDF)                        : 41
rms of residuals      (FIT_STDFIT) = sqrt(WSSR/ndf)    : 0.431312
variance of residuals (reduced chisquare) = WSSR/ndf   : 0.18603

Final set of parameters            Asymptotic Standard Error
=======================            ==========================
M2              = 0.00537602       +/- 0.0053       (98.59%)
B2              = 18.1747          +/- 10.56        (58.09%)

correlation matrix of the fit parameters:
                M2     B2     
M2              1.000 
B2             -1.000  1.000 


*******************************************************************************
Wed Oct 01 11:52:25 2014


FIT:    data read from "Temperatura_Min_Max_jal.dat" u 1:2
        format = x:z
        x range restricted to [1970.00 : 2015.00]
        #datapoints = 43
        residuals are weighted equally (unit weight)

function used for fitting: r1(x)
	r1(x) = M1*x+B1
fitted parameters initialized with current variable values

iter      chisq       delta/lim  lambda   M1            B1           
   0 1.6872231568e+08  0.00e+00 1.41e+03  1.000000e+00  1.000000e+00
   8 1.2166920870e+01 -2.26e-05 1.41e-05  1.115977e-02 -1.004422e+01

After 8 iterations the fit converged.
final sum of squares of residuals : 12.1669
rel. change during last iteration : -2.26277e-010

degrees of freedom    (FIT_NDF)                        : 41
rms of residuals      (FIT_STDFIT) = sqrt(WSSR/ndf)    : 0.544751
variance of residuals (reduced chisquare) = WSSR/ndf   : 0.296754

Final set of parameters            Asymptotic Standard Error
=======================            ==========================
M1              = 0.0111598        +/- 0.006694     (59.99%)
B1              = -10.0442         +/- 13.34        (132.8%)

correlation matrix of the fit parameters:
                M1     B1     
M1              1.000 
B1             -1.000  1.000 


*******************************************************************************
Wed Oct 01 11:52:25 2014


FIT:    data read from "Temperatura_Min_Max_jal.dat" u 1:3
        format = x:z
        x range restricted to [1970.00 : 2015.00]
        #datapoints = 43
        residuals are weighted equally (unit weight)

function used for fitting: r2(x)
	r2(x) = M2*x+B2
fitted parameters initialized with current variable values

iter      chisq       delta/lim  lambda   M2            B2           
   0 1.6588992720e+08  0.00e+00 1.41e+03  1.000000e+00  1.000000e+00
   8 7.6272183630e+00 -8.73e-05 1.41e-05  5.376019e-03  1.817469e+01

After 8 iterations the fit converged.
final sum of squares of residuals : 7.62722
rel. change during last iteration : -8.7302e-010

degrees of freedom    (FIT_NDF)                        : 41
rms of residuals      (FIT_STDFIT) = sqrt(WSSR/ndf)    : 0.431312
variance of residuals (reduced chisquare) = WSSR/ndf   : 0.18603

Final set of parameters            Asymptotic Standard Error
=======================            ==========================
M2              = 0.00537602       +/- 0.0053       (98.59%)
B2              = 18.1747          +/- 10.56        (58.09%)

correlation matrix of the fit parameters:
                M2     B2     
M2              1.000 
B2             -1.000  1.000 


*******************************************************************************
Wed Oct 01 11:52:43 2014


FIT:    data read from "Temperatura_Min_Max_jal.dat" u 1:2
        format = x:z
        x range restricted to [1970.00 : 2015.00]
        #datapoints = 43
        residuals are weighted equally (unit weight)

function used for fitting: r1(x)
	r1(x) = M1*x+B1
fitted parameters initialized with current variable values

iter      chisq       delta/lim  lambda   M1            B1           
   0 1.6872231568e+08  0.00e+00 1.41e+03  1.000000e+00  1.000000e+00
   8 1.2166920870e+01 -2.26e-05 1.41e-05  1.115977e-02 -1.004422e+01

After 8 iterations the fit converged.
final sum of squares of residuals : 12.1669
rel. change during last iteration : -2.26277e-010

degrees of freedom    (FIT_NDF)                        : 41
rms of residuals      (FIT_STDFIT) = sqrt(WSSR/ndf)    : 0.544751
variance of residuals (reduced chisquare) = WSSR/ndf   : 0.296754

Final set of parameters            Asymptotic Standard Error
=======================            ==========================
M1              = 0.0111598        +/- 0.006694     (59.99%)
B1              = -10.0442         +/- 13.34        (132.8%)

correlation matrix of the fit parameters:
                M1     B1     
M1              1.000 
B1             -1.000  1.000 


*******************************************************************************
Wed Oct 01 11:52:43 2014


FIT:    data read from "Temperatura_Min_Max_jal.dat" u 1:3
        format = x:z
        x range restricted to [1970.00 : 2015.00]
        #datapoints = 43
        residuals are weighted equally (unit weight)

function used for fitting: r2(x)
	r2(x) = M2*x+B2
fitted parameters initialized with current variable values

iter      chisq       delta/lim  lambda   M2            B2           
   0 1.6588992720e+08  0.00e+00 1.41e+03  1.000000e+00  1.000000e+00
   8 7.6272183630e+00 -8.73e-05 1.41e-05  5.376019e-03  1.817469e+01

After 8 iterations the fit converged.
final sum of squares of residuals : 7.62722
rel. change during last iteration : -8.7302e-010

degrees of freedom    (FIT_NDF)                        : 41
rms of residuals      (FIT_STDFIT) = sqrt(WSSR/ndf)    : 0.431312
variance of residuals (reduced chisquare) = WSSR/ndf   : 0.18603

Final set of parameters            Asymptotic Standard Error
=======================            ==========================
M2              = 0.00537602       +/- 0.0053       (98.59%)
B2              = 18.1747          +/- 10.56        (58.09%)

correlation matrix of the fit parameters:
                M2     B2     
M2              1.000 
B2             -1.000  1.000 


*******************************************************************************
Wed Oct 01 11:54:01 2014


FIT:    data read from "Temperatura_Min_Max_jal.dat" u 1:2
        format = x:z
        x range restricted to [1970.00 : 2015.00]
        #datapoints = 43
        residuals are weighted equally (unit weight)

function used for fitting: r1(x)
	r1(x) = M1*x+B1
fitted parameters initialized with current variable values

iter      chisq       delta/lim  lambda   M1            B1           
   0 1.6872231568e+08  0.00e+00 1.41e+03  1.000000e+00  1.000000e+00
   8 1.2166920870e+01 -2.26e-05 1.41e-05  1.115977e-02 -1.004422e+01

After 8 iterations the fit converged.
final sum of squares of residuals : 12.1669
rel. change during last iteration : -2.26277e-010

degrees of freedom    (FIT_NDF)                        : 41
rms of residuals      (FIT_STDFIT) = sqrt(WSSR/ndf)    : 0.544751
variance of residuals (reduced chisquare) = WSSR/ndf   : 0.296754

Final set of parameters            Asymptotic Standard Error
=======================            ==========================
M1              = 0.0111598        +/- 0.006694     (59.99%)
B1              = -10.0442         +/- 13.34        (132.8%)

correlation matrix of the fit parameters:
                M1     B1     
M1              1.000 
B1             -1.000  1.000 


*******************************************************************************
Wed Oct 01 11:54:01 2014


FIT:    data read from "Temperatura_Min_Max_jal.dat" u 1:3
        format = x:z
        x range restricted to [1970.00 : 2015.00]
        #datapoints = 43
        residuals are weighted equally (unit weight)

function used for fitting: r2(x)
	r2(x) = M2*x+B2
fitted parameters initialized with current variable values

iter      chisq       delta/lim  lambda   M2            B2           
   0 1.6588992720e+08  0.00e+00 1.41e+03  1.000000e+00  1.000000e+00
   8 7.6272183630e+00 -8.73e-05 1.41e-05  5.376019e-03  1.817469e+01

After 8 iterations the fit converged.
final sum of squares of residuals : 7.62722
rel. change during last iteration : -8.7302e-010

degrees of freedom    (FIT_NDF)                        : 41
rms of residuals      (FIT_STDFIT) = sqrt(WSSR/ndf)    : 0.431312
variance of residuals (reduced chisquare) = WSSR/ndf   : 0.18603

Final set of parameters            Asymptotic Standard Error
=======================            ==========================
M2              = 0.00537602       +/- 0.0053       (98.59%)
B2              = 18.1747          +/- 10.56        (58.09%)

correlation matrix of the fit parameters:
                M2     B2     
M2              1.000 
B2             -1.000  1.000 


*******************************************************************************
Wed Oct 01 12:05:53 2014


FIT:    data read from "Temperatura_Min_Max_jal.dat" u 1:2
        format = x:z
        x range restricted to [1970.00 : 2015.00]
        #datapoints = 43
        residuals are weighted equally (unit weight)

function used for fitting: r1(x)
	r1(x) = M1*x+B1
fitted parameters initialized with current variable values

iter      chisq       delta/lim  lambda   M1            B1           
   0 1.6872231568e+08  0.00e+00 1.41e+03  1.000000e+00  1.000000e+00
   8 1.2166920870e+01 -2.26e-05 1.41e-05  1.115977e-02 -1.004422e+01

After 8 iterations the fit converged.
final sum of squares of residuals : 12.1669
rel. change during last iteration : -2.26277e-010

degrees of freedom    (FIT_NDF)                        : 41
rms of residuals      (FIT_STDFIT) = sqrt(WSSR/ndf)    : 0.544751
variance of residuals (reduced chisquare) = WSSR/ndf   : 0.296754

Final set of parameters            Asymptotic Standard Error
=======================            ==========================
M1              = 0.0111598        +/- 0.006694     (59.99%)
B1              = -10.0442         +/- 13.34        (132.8%)

correlation matrix of the fit parameters:
                M1     B1     
M1              1.000 
B1             -1.000  1.000 


*******************************************************************************
Wed Oct 01 12:05:53 2014


FIT:    data read from "Temperatura_Min_Max_jal.dat" u 1:3
        format = x:z
        x range restricted to [1970.00 : 2015.00]
        #datapoints = 43
        residuals are weighted equally (unit weight)

function used for fitting: r2(x)
	r2(x) = M2*x+B2
fitted parameters initialized with current variable values

iter      chisq       delta/lim  lambda   M2            B2           
   0 1.6588992720e+08  0.00e+00 1.41e+03  1.000000e+00  1.000000e+00
   8 7.6272183630e+00 -8.73e-05 1.41e-05  5.376019e-03  1.817469e+01

After 8 iterations the fit converged.
final sum of squares of residuals : 7.62722
rel. change during last iteration : -8.7302e-010

degrees of freedom    (FIT_NDF)                        : 41
rms of residuals      (FIT_STDFIT) = sqrt(WSSR/ndf)    : 0.431312
variance of residuals (reduced chisquare) = WSSR/ndf   : 0.18603

Final set of parameters            Asymptotic Standard Error
=======================            ==========================
M2              = 0.00537602       +/- 0.0053       (98.59%)
B2              = 18.1747          +/- 10.56        (58.09%)

correlation matrix of the fit parameters:
                M2     B2     
M2              1.000 
B2             -1.000  1.000 


*******************************************************************************
Tue Oct 14 17:02:45 2014


FIT:    data read from "Temperatura_Min_Max_jal.dat" u 1:2
        format = x:z
        x range restricted to [1970.00 : 2015.00]
        #datapoints = 43
        residuals are weighted equally (unit weight)

function used for fitting: r1(x)
fitted parameters initialized with current variable values



 Iteration 0
 WSSR        : 1.68722e+008      delta(WSSR)/WSSR   : 0
 delta(WSSR) : 0                 limit for stopping : 1e-005
 lambda	  : 1408.58

initial set of free parameter values

M1              = 1
B1              = 1

After 8 iterations the fit converged.
final sum of squares of residuals : 12.1669
rel. change during last iteration : -2.26276e-010

degrees of freedom    (FIT_NDF)                        : 41
rms of residuals      (FIT_STDFIT) = sqrt(WSSR/ndf)    : 0.544751
variance of residuals (reduced chisquare) = WSSR/ndf   : 0.296754

Final set of parameters            Asymptotic Standard Error
=======================            ==========================

M1              = 0.0111598        +/- 0.006694     (59.99%)
B1              = -10.0442         +/- 13.34        (132.8%)


correlation matrix of the fit parameters:

               M1     B1     
M1              1.000 
B1             -1.000  1.000 


*******************************************************************************
Tue Oct 14 17:02:46 2014


FIT:    data read from "Temperatura_Min_Max_jal.dat" u 1:3
        format = x:z
        x range restricted to [1970.00 : 2015.00]
        #datapoints = 43
        residuals are weighted equally (unit weight)

function used for fitting: r2(x)
fitted parameters initialized with current variable values



 Iteration 0
 WSSR        : 1.6589e+008       delta(WSSR)/WSSR   : 0
 delta(WSSR) : 0                 limit for stopping : 1e-005
 lambda	  : 1408.58

initial set of free parameter values

M2              = 1
B2              = 1

After 8 iterations the fit converged.
final sum of squares of residuals : 7.62722
rel. change during last iteration : -8.7302e-010

degrees of freedom    (FIT_NDF)                        : 41
rms of residuals      (FIT_STDFIT) = sqrt(WSSR/ndf)    : 0.431312
variance of residuals (reduced chisquare) = WSSR/ndf   : 0.18603

Final set of parameters            Asymptotic Standard Error
=======================            ==========================

M2              = 0.00537602       +/- 0.0053       (98.59%)
B2              = 18.1747          +/- 10.56        (58.09%)


correlation matrix of the fit parameters:

               M2     B2     
M2              1.000 
B2             -1.000  1.000 


*******************************************************************************
Thu Nov 27 08:23:25 2014


FIT:    data read from "Temperatura_Min_Max_jal.dat" u 1:2
        format = x:z
        x range restricted to [1970.00 : 2015.00]
        #datapoints = 43
        residuals are weighted equally (unit weight)

function used for fitting: r1(x)
	r1(x) = M1*x+B1
fitted parameters initialized with current variable values

iter      chisq       delta/lim  lambda   M1            B1           
   0 1.6872231568e+08  0.00e+00 1.41e+03  1.000000e+00  1.000000e+00
   8 1.2166920870e+01 -2.26e-05 1.41e-05  1.115977e-02 -1.004422e+01

After 8 iterations the fit converged.
final sum of squares of residuals : 12.1669
rel. change during last iteration : -2.26277e-010

degrees of freedom    (FIT_NDF)                        : 41
rms of residuals      (FIT_STDFIT) = sqrt(WSSR/ndf)    : 0.544751
variance of residuals (reduced chisquare) = WSSR/ndf   : 0.296754

Final set of parameters            Asymptotic Standard Error
=======================            ==========================
M1              = 0.0111598        +/- 0.006694     (59.99%)
B1              = -10.0442         +/- 13.34        (132.8%)

correlation matrix of the fit parameters:
                M1     B1     
M1              1.000 
B1             -1.000  1.000 


*******************************************************************************
Thu Nov 27 08:23:26 2014


FIT:    data read from "Temperatura_Min_Max_jal.dat" u 1:3
        format = x:z
        x range restricted to [1970.00 : 2015.00]
        #datapoints = 43
        residuals are weighted equally (unit weight)

function used for fitting: r2(x)
	r2(x) = M2*x+B2
fitted parameters initialized with current variable values

iter      chisq       delta/lim  lambda   M2            B2           
   0 1.6588992720e+08  0.00e+00 1.41e+03  1.000000e+00  1.000000e+00
   8 7.6272183630e+00 -8.73e-05 1.41e-05  5.376019e-03  1.817469e+01

After 8 iterations the fit converged.
final sum of squares of residuals : 7.62722
rel. change during last iteration : -8.7302e-010

degrees of freedom    (FIT_NDF)                        : 41
rms of residuals      (FIT_STDFIT) = sqrt(WSSR/ndf)    : 0.431312
variance of residuals (reduced chisquare) = WSSR/ndf   : 0.18603

Final set of parameters            Asymptotic Standard Error
=======================            ==========================
M2              = 0.00537602       +/- 0.0053       (98.59%)
B2              = 18.1747          +/- 10.56        (58.09%)

correlation matrix of the fit parameters:
                M2     B2     
M2              1.000 
B2             -1.000  1.000 


*******************************************************************************
Thu Nov 27 09:12:25 2014


FIT:    data read from "Temperatura_Min_Max_jal.dat" u 1:2
        format = x:z
        x range restricted to [1970.00 : 2015.00]
        #datapoints = 43
        residuals are weighted equally (unit weight)

function used for fitting: r1(x)
	r1(x) = M1*x+B1
fitted parameters initialized with current variable values

iter      chisq       delta/lim  lambda   M1            B1           
   0 1.6872231568e+08  0.00e+00 1.41e+03  1.000000e+00  1.000000e+00
   8 1.2166920870e+01 -2.26e-05 1.41e-05  1.115977e-02 -1.004422e+01

After 8 iterations the fit converged.
final sum of squares of residuals : 12.1669
rel. change during last iteration : -2.26277e-010

degrees of freedom    (FIT_NDF)                        : 41
rms of residuals      (FIT_STDFIT) = sqrt(WSSR/ndf)    : 0.544751
variance of residuals (reduced chisquare) = WSSR/ndf   : 0.296754

Final set of parameters            Asymptotic Standard Error
=======================            ==========================
M1              = 0.0111598        +/- 0.006694     (59.99%)
B1              = -10.0442         +/- 13.34        (132.8%)

correlation matrix of the fit parameters:
                M1     B1     
M1              1.000 
B1             -1.000  1.000 


*******************************************************************************
Thu Nov 27 09:12:25 2014


FIT:    data read from "Temperatura_Min_Max_jal.dat" u 1:3
        format = x:z
        x range restricted to [1970.00 : 2015.00]
        #datapoints = 43
        residuals are weighted equally (unit weight)

function used for fitting: r2(x)
	r2(x) = M2*x+B2
fitted parameters initialized with current variable values

iter      chisq       delta/lim  lambda   M2            B2           
   0 1.6588992720e+08  0.00e+00 1.41e+03  1.000000e+00  1.000000e+00
   8 7.6272183630e+00 -8.73e-05 1.41e-05  5.376019e-03  1.817469e+01

After 8 iterations the fit converged.
final sum of squares of residuals : 7.62722
rel. change during last iteration : -8.7302e-010

degrees of freedom    (FIT_NDF)                        : 41
rms of residuals      (FIT_STDFIT) = sqrt(WSSR/ndf)    : 0.431312
variance of residuals (reduced chisquare) = WSSR/ndf   : 0.18603

Final set of parameters            Asymptotic Standard Error
=======================            ==========================
M2              = 0.00537602       +/- 0.0053       (98.59%)
B2              = 18.1747          +/- 10.56        (58.09%)

correlation matrix of the fit parameters:
                M2     B2     
M2              1.000 
B2             -1.000  1.000 


*******************************************************************************
Sun Apr 19 20:02:26 2015


FIT:    data read from "Temperatura_Min_Max_jal.dat" u 1:2
        format = x:z
        x range restricted to [1970.00 : 2015.00]
        #datapoints = 43
        residuals are weighted equally (unit weight)

function used for fitting: r1(x)
	r1(x) = M1*x+B1
fitted parameters initialized with current variable values

iter      chisq       delta/lim  lambda   M1            B1           
   0 1.6872231568e+08  0.00e+00 1.41e+03  1.000000e+00  1.000000e+00
   8 1.2166920870e+01 -2.26e-05 1.41e-05  1.115977e-02 -1.004422e+01

After 8 iterations the fit converged.
final sum of squares of residuals : 12.1669
rel. change during last iteration : -2.26277e-010

degrees of freedom    (FIT_NDF)                        : 41
rms of residuals      (FIT_STDFIT) = sqrt(WSSR/ndf)    : 0.544751
variance of residuals (reduced chisquare) = WSSR/ndf   : 0.296754

Final set of parameters            Asymptotic Standard Error
=======================            ==========================
M1              = 0.0111598        +/- 0.006694     (59.99%)
B1              = -10.0442         +/- 13.34        (132.8%)

correlation matrix of the fit parameters:
                M1     B1     
M1              1.000 
B1             -1.000  1.000 


*******************************************************************************
Sun Apr 19 20:02:27 2015


FIT:    data read from "Temperatura_Min_Max_jal.dat" u 1:3
        format = x:z
        x range restricted to [1970.00 : 2015.00]
        #datapoints = 43
        residuals are weighted equally (unit weight)

function used for fitting: r2(x)
	r2(x) = M2*x+B2
fitted parameters initialized with current variable values

iter      chisq       delta/lim  lambda   M2            B2           
   0 1.6588992720e+08  0.00e+00 1.41e+03  1.000000e+00  1.000000e+00
   8 7.6272183630e+00 -8.73e-05 1.41e-05  5.376019e-03  1.817469e+01

After 8 iterations the fit converged.
final sum of squares of residuals : 7.62722
rel. change during last iteration : -8.7302e-010

degrees of freedom    (FIT_NDF)                        : 41
rms of residuals      (FIT_STDFIT) = sqrt(WSSR/ndf)    : 0.431312
variance of residuals (reduced chisquare) = WSSR/ndf   : 0.18603

Final set of parameters            Asymptotic Standard Error
=======================            ==========================
M2              = 0.00537602       +/- 0.0053       (98.59%)
B2              = 18.1747          +/- 10.56        (58.09%)

correlation matrix of the fit parameters:
                M2     B2     
M2              1.000 
B2             -1.000  1.000 


*******************************************************************************
Wed Sep 16 19:53:47 2015


FIT:    data read from "Temperatura_Min_Max_jal.dat" u 1:2
        format = x:z
        x range restricted to [1970.00 : 2015.00]
        #datapoints = 43
        residuals are weighted equally (unit weight)

function used for fitting: r1(x)
	r1(x) = M1*x+B1
fitted parameters initialized with current variable values

iter      chisq       delta/lim  lambda   M1            B1           
   0 1.6872231568e+08  0.00e+00 1.41e+03  1.000000e+00  1.000000e+00
   8 1.2166920870e+01 -2.26e-05 1.41e-05  1.115977e-02 -1.004422e+01

After 8 iterations the fit converged.
final sum of squares of residuals : 12.1669
rel. change during last iteration : -2.26277e-010

degrees of freedom    (FIT_NDF)                        : 41
rms of residuals      (FIT_STDFIT) = sqrt(WSSR/ndf)    : 0.544751
variance of residuals (reduced chisquare) = WSSR/ndf   : 0.296754

Final set of parameters            Asymptotic Standard Error
=======================            ==========================
M1              = 0.0111598        +/- 0.006694     (59.99%)
B1              = -10.0442         +/- 13.34        (132.8%)

correlation matrix of the fit parameters:
                M1     B1     
M1              1.000 
B1             -1.000  1.000 


*******************************************************************************
Wed Sep 16 19:53:48 2015


FIT:    data read from "Temperatura_Min_Max_jal.dat" u 1:3
        format = x:z
        x range restricted to [1970.00 : 2015.00]
        #datapoints = 43
        residuals are weighted equally (unit weight)

function used for fitting: r2(x)
	r2(x) = M2*x+B2
fitted parameters initialized with current variable values

iter      chisq       delta/lim  lambda   M2            B2           
   0 1.6588992720e+08  0.00e+00 1.41e+03  1.000000e+00  1.000000e+00
   8 7.6272183630e+00 -8.73e-05 1.41e-05  5.376019e-03  1.817469e+01

After 8 iterations the fit converged.
final sum of squares of residuals : 7.62722
rel. change during last iteration : -8.7302e-010

degrees of freedom    (FIT_NDF)                        : 41
rms of residuals      (FIT_STDFIT) = sqrt(WSSR/ndf)    : 0.431312
variance of residuals (reduced chisquare) = WSSR/ndf   : 0.18603

Final set of parameters            Asymptotic Standard Error
=======================            ==========================
M2              = 0.00537602       +/- 0.0053       (98.59%)
B2              = 18.1747          +/- 10.56        (58.09%)

correlation matrix of the fit parameters:
                M2     B2     
M2              1.000 
B2             -1.000  1.000 


*******************************************************************************
Thu Apr 07 12:47:24 2016


FIT:    data read from "Temperatura_Min_Max_jal.dat" u 1:2
        format = x:z
        x range restricted to [1970.00 : 2015.00]
        #datapoints = 43
        residuals are weighted equally (unit weight)

function used for fitting: r1(x)
	r1(x) = M1*x+B1
fitted parameters initialized with current variable values

iter      chisq       delta/lim  lambda   M1            B1           
   0 1.6872231568e+08  0.00e+00 1.41e+03  1.000000e+00  1.000000e+00
   8 1.2166920870e+01 -2.26e-05 1.41e-05  1.115977e-02 -1.004422e+01

After 8 iterations the fit converged.
final sum of squares of residuals : 12.1669
rel. change during last iteration : -2.26277e-010

degrees of freedom    (FIT_NDF)                        : 41
rms of residuals      (FIT_STDFIT) = sqrt(WSSR/ndf)    : 0.544751
variance of residuals (reduced chisquare) = WSSR/ndf   : 0.296754

Final set of parameters            Asymptotic Standard Error
=======================            ==========================
M1              = 0.0111598        +/- 0.006694     (59.99%)
B1              = -10.0442         +/- 13.34        (132.8%)

correlation matrix of the fit parameters:
                M1     B1     
M1              1.000 
B1             -1.000  1.000 


*******************************************************************************
Thu Apr 07 12:47:24 2016


FIT:    data read from "Temperatura_Min_Max_jal.dat" u 1:3
        format = x:z
        x range restricted to [1970.00 : 2015.00]
        #datapoints = 43
        residuals are weighted equally (unit weight)

function used for fitting: r2(x)
	r2(x) = M2*x+B2
fitted parameters initialized with current variable values

iter      chisq       delta/lim  lambda   M2            B2           
   0 1.6588992720e+08  0.00e+00 1.41e+03  1.000000e+00  1.000000e+00
   8 7.6272183630e+00 -8.73e-05 1.41e-05  5.376019e-03  1.817469e+01

After 8 iterations the fit converged.
final sum of squares of residuals : 7.62722
rel. change during last iteration : -8.7302e-010

degrees of freedom    (FIT_NDF)                        : 41
rms of residuals      (FIT_STDFIT) = sqrt(WSSR/ndf)    : 0.431312
variance of residuals (reduced chisquare) = WSSR/ndf   : 0.18603

Final set of parameters            Asymptotic Standard Error
=======================            ==========================
M2              = 0.00537602       +/- 0.0053       (98.59%)
B2              = 18.1747          +/- 10.56        (58.09%)

correlation matrix of the fit parameters:
                M2     B2     
M2              1.000 
B2             -1.000  1.000 


*******************************************************************************
Thu Apr 07 12:48:08 2016


FIT:    data read from "Temperatura_Min_Max_jal.dat" u 1:2
        format = x:z
        x range restricted to [1970.00 : 2015.00]
        #datapoints = 43
        residuals are weighted equally (unit weight)

function used for fitting: r1(x)
	r1(x) = M1*x+B1
fitted parameters initialized with current variable values

iter      chisq       delta/lim  lambda   M1            B1           
   0 1.6872231568e+08  0.00e+00 1.41e+03  1.000000e+00  1.000000e+00
   8 1.2166920870e+01 -2.26e-05 1.41e-05  1.115977e-02 -1.004422e+01

After 8 iterations the fit converged.
final sum of squares of residuals : 12.1669
rel. change during last iteration : -2.26277e-010

degrees of freedom    (FIT_NDF)                        : 41
rms of residuals      (FIT_STDFIT) = sqrt(WSSR/ndf)    : 0.544751
variance of residuals (reduced chisquare) = WSSR/ndf   : 0.296754

Final set of parameters            Asymptotic Standard Error
=======================            ==========================
M1              = 0.0111598        +/- 0.006694     (59.99%)
B1              = -10.0442         +/- 13.34        (132.8%)

correlation matrix of the fit parameters:
                M1     B1     
M1              1.000 
B1             -1.000  1.000 


*******************************************************************************
Thu Apr 07 12:48:08 2016


FIT:    data read from "Temperatura_Min_Max_jal.dat" u 1:3
        format = x:z
        x range restricted to [1970.00 : 2015.00]
        #datapoints = 43
        residuals are weighted equally (unit weight)

function used for fitting: r2(x)
	r2(x) = M2*x+B2
fitted parameters initialized with current variable values

iter      chisq       delta/lim  lambda   M2            B2           
   0 1.6588992720e+08  0.00e+00 1.41e+03  1.000000e+00  1.000000e+00
   8 7.6272183630e+00 -8.73e-05 1.41e-05  5.376019e-03  1.817469e+01

After 8 iterations the fit converged.
final sum of squares of residuals : 7.62722
rel. change during last iteration : -8.7302e-010

degrees of freedom    (FIT_NDF)                        : 41
rms of residuals      (FIT_STDFIT) = sqrt(WSSR/ndf)    : 0.431312
variance of residuals (reduced chisquare) = WSSR/ndf   : 0.18603

Final set of parameters            Asymptotic Standard Error
=======================            ==========================
M2              = 0.00537602       +/- 0.0053       (98.59%)
B2              = 18.1747          +/- 10.56        (58.09%)

correlation matrix of the fit parameters:
                M2     B2     
M2              1.000 
B2             -1.000  1.000 


*******************************************************************************
Thu Apr 07 12:48:46 2016


FIT:    data read from "Temperatura_Min_Max_jal.dat" u 1:2
        format = x:z
        x range restricted to [1970.00 : 2015.00]
        #datapoints = 43
        residuals are weighted equally (unit weight)

function used for fitting: r1(x)
	r1(x) = M1*x+B1
fitted parameters initialized with current variable values

iter      chisq       delta/lim  lambda   M1            B1           
   0 1.6872231568e+08  0.00e+00 1.41e+03  1.000000e+00  1.000000e+00
   8 1.2166920870e+01 -2.26e-05 1.41e-05  1.115977e-02 -1.004422e+01

After 8 iterations the fit converged.
final sum of squares of residuals : 12.1669
rel. change during last iteration : -2.26277e-010

degrees of freedom    (FIT_NDF)                        : 41
rms of residuals      (FIT_STDFIT) = sqrt(WSSR/ndf)    : 0.544751
variance of residuals (reduced chisquare) = WSSR/ndf   : 0.296754

Final set of parameters            Asymptotic Standard Error
=======================            ==========================
M1              = 0.0111598        +/- 0.006694     (59.99%)
B1              = -10.0442         +/- 13.34        (132.8%)

correlation matrix of the fit parameters:
                M1     B1     
M1              1.000 
B1             -1.000  1.000 


*******************************************************************************
Thu Apr 07 12:48:46 2016


FIT:    data read from "Temperatura_Min_Max_jal.dat" u 1:3
        format = x:z
        x range restricted to [1970.00 : 2015.00]
        #datapoints = 43
        residuals are weighted equally (unit weight)

function used for fitting: r2(x)
	r2(x) = M2*x+B2
fitted parameters initialized with current variable values

iter      chisq       delta/lim  lambda   M2            B2           
   0 1.6588992720e+08  0.00e+00 1.41e+03  1.000000e+00  1.000000e+00
   8 7.6272183630e+00 -8.73e-05 1.41e-05  5.376019e-03  1.817469e+01

After 8 iterations the fit converged.
final sum of squares of residuals : 7.62722
rel. change during last iteration : -8.7302e-010

degrees of freedom    (FIT_NDF)                        : 41
rms of residuals      (FIT_STDFIT) = sqrt(WSSR/ndf)    : 0.431312
variance of residuals (reduced chisquare) = WSSR/ndf   : 0.18603

Final set of parameters            Asymptotic Standard Error
=======================            ==========================
M2              = 0.00537602       +/- 0.0053       (98.59%)
B2              = 18.1747          +/- 10.56        (58.09%)

correlation matrix of the fit parameters:
                M2     B2     
M2              1.000 
B2             -1.000  1.000 


*******************************************************************************
Thu Apr 07 15:05:12 2016


FIT:    data read from "Temperatura_Min_Max_jal.dat" u 1:2
        format = x:z
        x range restricted to [1970.00 : 2015.00]
        #datapoints = 43
        residuals are weighted equally (unit weight)

function used for fitting: r1(x)
	r1(x) = M1*x+B1
fitted parameters initialized with current variable values

iter      chisq       delta/lim  lambda   M1            B1           
   0 1.6872231568e+08  0.00e+00 1.41e+03  1.000000e+00  1.000000e+00
   8 1.2166920870e+01 -2.26e-05 1.41e-05  1.115977e-02 -1.004422e+01

After 8 iterations the fit converged.
final sum of squares of residuals : 12.1669
rel. change during last iteration : -2.26277e-010

degrees of freedom    (FIT_NDF)                        : 41
rms of residuals      (FIT_STDFIT) = sqrt(WSSR/ndf)    : 0.544751
variance of residuals (reduced chisquare) = WSSR/ndf   : 0.296754

Final set of parameters            Asymptotic Standard Error
=======================            ==========================
M1              = 0.0111598        +/- 0.006694     (59.99%)
B1              = -10.0442         +/- 13.34        (132.8%)

correlation matrix of the fit parameters:
                M1     B1     
M1              1.000 
B1             -1.000  1.000 


*******************************************************************************
Thu Apr 07 15:05:12 2016


FIT:    data read from "Temperatura_Min_Max_jal.dat" u 1:3
        format = x:z
        x range restricted to [1970.00 : 2015.00]
        #datapoints = 43
        residuals are weighted equally (unit weight)

function used for fitting: r2(x)
	r2(x) = M2*x+B2
fitted parameters initialized with current variable values

iter      chisq       delta/lim  lambda   M2            B2           
   0 1.6588992720e+08  0.00e+00 1.41e+03  1.000000e+00  1.000000e+00
   8 7.6272183630e+00 -8.73e-05 1.41e-05  5.376019e-03  1.817469e+01

After 8 iterations the fit converged.
final sum of squares of residuals : 7.62722
rel. change during last iteration : -8.7302e-010

degrees of freedom    (FIT_NDF)                        : 41
rms of residuals      (FIT_STDFIT) = sqrt(WSSR/ndf)    : 0.431312
variance of residuals (reduced chisquare) = WSSR/ndf   : 0.18603

Final set of parameters            Asymptotic Standard Error
=======================            ==========================
M2              = 0.00537602       +/- 0.0053       (98.59%)
B2              = 18.1747          +/- 10.56        (58.09%)

correlation matrix of the fit parameters:
                M2     B2     
M2              1.000 
B2             -1.000  1.000 


*******************************************************************************
Thu Apr 07 15:17:02 2016


FIT:    data read from "Temperatura_Min_Max_jal.dat" u 1:2
        format = x:z
        x range restricted to [1970.00 : 2015.00]
        #datapoints = 43
        residuals are weighted equally (unit weight)

function used for fitting: r1(x)
	r1(x) = M1*x+B1
fitted parameters initialized with current variable values

iter      chisq       delta/lim  lambda   M1            B1           
   0 1.6872231568e+08  0.00e+00 1.41e+03  1.000000e+00  1.000000e+00
   8 1.2166920870e+01 -2.26e-05 1.41e-05  1.115977e-02 -1.004422e+01

After 8 iterations the fit converged.
final sum of squares of residuals : 12.1669
rel. change during last iteration : -2.26277e-010

degrees of freedom    (FIT_NDF)                        : 41
rms of residuals      (FIT_STDFIT) = sqrt(WSSR/ndf)    : 0.544751
variance of residuals (reduced chisquare) = WSSR/ndf   : 0.296754

Final set of parameters            Asymptotic Standard Error
=======================            ==========================
M1              = 0.0111598        +/- 0.006694     (59.99%)
B1              = -10.0442         +/- 13.34        (132.8%)

correlation matrix of the fit parameters:
                M1     B1     
M1              1.000 
B1             -1.000  1.000 


*******************************************************************************
Thu Apr 07 15:17:02 2016


FIT:    data read from "Temperatura_Min_Max_jal.dat" u 1:3
        format = x:z
        x range restricted to [1970.00 : 2015.00]
        #datapoints = 43
        residuals are weighted equally (unit weight)

function used for fitting: r2(x)
	r2(x) = M2*x+B2
fitted parameters initialized with current variable values

iter      chisq       delta/lim  lambda   M2            B2           
   0 1.6588992720e+08  0.00e+00 1.41e+03  1.000000e+00  1.000000e+00
   8 7.6272183630e+00 -8.73e-05 1.41e-05  5.376019e-03  1.817469e+01

After 8 iterations the fit converged.
final sum of squares of residuals : 7.62722
rel. change during last iteration : -8.7302e-010

degrees of freedom    (FIT_NDF)                        : 41
rms of residuals      (FIT_STDFIT) = sqrt(WSSR/ndf)    : 0.431312
variance of residuals (reduced chisquare) = WSSR/ndf   : 0.18603

Final set of parameters            Asymptotic Standard Error
=======================            ==========================
M2              = 0.00537602       +/- 0.0053       (98.59%)
B2              = 18.1747          +/- 10.56        (58.09%)

correlation matrix of the fit parameters:
                M2     B2     
M2              1.000 
B2             -1.000  1.000 


*******************************************************************************
Thu Apr 07 15:49:53 2016


FIT:    data read from "Temperatura_Min_Max_jal.dat" u 1:2
        format = x:z
        x range restricted to [1970.00 : 2015.00]
        #datapoints = 43
        residuals are weighted equally (unit weight)

function used for fitting: r1(x)
	r1(x) = M1*x+B1
fitted parameters initialized with current variable values

iter      chisq       delta/lim  lambda   M1            B1           
   0 1.6872231568e+08  0.00e+00 1.41e+03  1.000000e+00  1.000000e+00
   8 1.2166920870e+01 -2.26e-05 1.41e-05  1.115977e-02 -1.004422e+01

After 8 iterations the fit converged.
final sum of squares of residuals : 12.1669
rel. change during last iteration : -2.26277e-010

degrees of freedom    (FIT_NDF)                        : 41
rms of residuals      (FIT_STDFIT) = sqrt(WSSR/ndf)    : 0.544751
variance of residuals (reduced chisquare) = WSSR/ndf   : 0.296754

Final set of parameters            Asymptotic Standard Error
=======================            ==========================
M1              = 0.0111598        +/- 0.006694     (59.99%)
B1              = -10.0442         +/- 13.34        (132.8%)

correlation matrix of the fit parameters:
                M1     B1     
M1              1.000 
B1             -1.000  1.000 


*******************************************************************************
Thu Apr 07 15:49:53 2016


FIT:    data read from "Temperatura_Min_Max_jal.dat" u 1:3
        format = x:z
        x range restricted to [1970.00 : 2015.00]
        #datapoints = 43
        residuals are weighted equally (unit weight)

function used for fitting: r2(x)
	r2(x) = M2*x+B2
fitted parameters initialized with current variable values

iter      chisq       delta/lim  lambda   M2            B2           
   0 1.6588992720e+08  0.00e+00 1.41e+03  1.000000e+00  1.000000e+00
   8 7.6272183630e+00 -8.73e-05 1.41e-05  5.376019e-03  1.817469e+01

After 8 iterations the fit converged.
final sum of squares of residuals : 7.62722
rel. change during last iteration : -8.7302e-010

degrees of freedom    (FIT_NDF)                        : 41
rms of residuals      (FIT_STDFIT) = sqrt(WSSR/ndf)    : 0.431312
variance of residuals (reduced chisquare) = WSSR/ndf   : 0.18603

Final set of parameters            Asymptotic Standard Error
=======================            ==========================
M2              = 0.00537602       +/- 0.0053       (98.59%)
B2              = 18.1747          +/- 10.56        (58.09%)

correlation matrix of the fit parameters:
                M2     B2     
M2              1.000 
B2             -1.000  1.000 


*******************************************************************************
Thu Apr 07 15:56:01 2016


FIT:    data read from "Temperatura_Min_Max_jal.dat" u 1:2
        format = x:z
        x range restricted to [1970.00 : 2015.00]
        #datapoints = 43
        residuals are weighted equally (unit weight)

function used for fitting: r1(x)
	r1(x) = M1*x+B1
fitted parameters initialized with current variable values

iter      chisq       delta/lim  lambda   M1            B1           
   0 1.6872231568e+08  0.00e+00 1.41e+03  1.000000e+00  1.000000e+00
   8 1.2166920870e+01 -2.26e-05 1.41e-05  1.115977e-02 -1.004422e+01

After 8 iterations the fit converged.
final sum of squares of residuals : 12.1669
rel. change during last iteration : -2.26277e-010

degrees of freedom    (FIT_NDF)                        : 41
rms of residuals      (FIT_STDFIT) = sqrt(WSSR/ndf)    : 0.544751
variance of residuals (reduced chisquare) = WSSR/ndf   : 0.296754

Final set of parameters            Asymptotic Standard Error
=======================            ==========================
M1              = 0.0111598        +/- 0.006694     (59.99%)
B1              = -10.0442         +/- 13.34        (132.8%)

correlation matrix of the fit parameters:
                M1     B1     
M1              1.000 
B1             -1.000  1.000 


*******************************************************************************
Thu Apr 07 15:56:01 2016


FIT:    data read from "Temperatura_Min_Max_jal.dat" u 1:3
        format = x:z
        x range restricted to [1970.00 : 2015.00]
        #datapoints = 43
        residuals are weighted equally (unit weight)

function used for fitting: r2(x)
	r2(x) = M2*x+B2
fitted parameters initialized with current variable values

iter      chisq       delta/lim  lambda   M2            B2           
   0 1.6588992720e+08  0.00e+00 1.41e+03  1.000000e+00  1.000000e+00
   8 7.6272183630e+00 -8.73e-05 1.41e-05  5.376019e-03  1.817469e+01

After 8 iterations the fit converged.
final sum of squares of residuals : 7.62722
rel. change during last iteration : -8.7302e-010

degrees of freedom    (FIT_NDF)                        : 41
rms of residuals      (FIT_STDFIT) = sqrt(WSSR/ndf)    : 0.431312
variance of residuals (reduced chisquare) = WSSR/ndf   : 0.18603

Final set of parameters            Asymptotic Standard Error
=======================            ==========================
M2              = 0.00537602       +/- 0.0053       (98.59%)
B2              = 18.1747          +/- 10.56        (58.09%)

correlation matrix of the fit parameters:
                M2     B2     
M2              1.000 
B2             -1.000  1.000 


*******************************************************************************
Thu Apr 07 19:05:06 2016


FIT:    data read from "Temperatura_Min_Max_jal.dat" u 1:2
        format = x:z
        x range restricted to [1970.00 : 2015.00]
        #datapoints = 43
        residuals are weighted equally (unit weight)

function used for fitting: r1(x)
	r1(x) = M1*x+B1
fitted parameters initialized with current variable values

iter      chisq       delta/lim  lambda   M1            B1           
   0 1.6872231568e+08  0.00e+00 1.41e+03  1.000000e+00  1.000000e+00
   8 1.2166920870e+01 -2.26e-05 1.41e-05  1.115977e-02 -1.004422e+01

After 8 iterations the fit converged.
final sum of squares of residuals : 12.1669
rel. change during last iteration : -2.26277e-010

degrees of freedom    (FIT_NDF)                        : 41
rms of residuals      (FIT_STDFIT) = sqrt(WSSR/ndf)    : 0.544751
variance of residuals (reduced chisquare) = WSSR/ndf   : 0.296754

Final set of parameters            Asymptotic Standard Error
=======================            ==========================
M1              = 0.0111598        +/- 0.006694     (59.99%)
B1              = -10.0442         +/- 13.34        (132.8%)

correlation matrix of the fit parameters:
                M1     B1     
M1              1.000 
B1             -1.000  1.000 


*******************************************************************************
Thu Apr 07 19:05:06 2016


FIT:    data read from "Temperatura_Min_Max_jal.dat" u 1:3
        format = x:z
        x range restricted to [1970.00 : 2015.00]
        #datapoints = 43
        residuals are weighted equally (unit weight)

function used for fitting: r2(x)
	r2(x) = M2*x+B2
fitted parameters initialized with current variable values

iter      chisq       delta/lim  lambda   M2            B2           
   0 1.6588992720e+08  0.00e+00 1.41e+03  1.000000e+00  1.000000e+00
   8 7.6272183630e+00 -8.73e-05 1.41e-05  5.376019e-03  1.817469e+01

After 8 iterations the fit converged.
final sum of squares of residuals : 7.62722
rel. change during last iteration : -8.7302e-010

degrees of freedom    (FIT_NDF)                        : 41
rms of residuals      (FIT_STDFIT) = sqrt(WSSR/ndf)    : 0.431312
variance of residuals (reduced chisquare) = WSSR/ndf   : 0.18603

Final set of parameters            Asymptotic Standard Error
=======================            ==========================
M2              = 0.00537602       +/- 0.0053       (98.59%)
B2              = 18.1747          +/- 10.56        (58.09%)

correlation matrix of the fit parameters:
                M2     B2     
M2              1.000 
B2             -1.000  1.000 


*******************************************************************************
Wed Apr 27 23:04:43 2016


FIT:    data read from "Temperatura_Min_Max_jal.dat" u 1:2
        format = x:z
        x range restricted to [1970.00 : 2015.00]
        #datapoints = 43
        residuals are weighted equally (unit weight)

function used for fitting: r1(x)
	r1(x) = M1*x+B1
fitted parameters initialized with current variable values

iter      chisq       delta/lim  lambda   M1            B1           
   0 1.6872231568e+08  0.00e+00 1.41e+03  1.000000e+00  1.000000e+00
   8 1.2166920870e+01 -2.26e-05 1.41e-05  1.115977e-02 -1.004422e+01

After 8 iterations the fit converged.
final sum of squares of residuals : 12.1669
rel. change during last iteration : -2.26277e-010

degrees of freedom    (FIT_NDF)                        : 41
rms of residuals      (FIT_STDFIT) = sqrt(WSSR/ndf)    : 0.544751
variance of residuals (reduced chisquare) = WSSR/ndf   : 0.296754

Final set of parameters            Asymptotic Standard Error
=======================            ==========================
M1              = 0.0111598        +/- 0.006694     (59.99%)
B1              = -10.0442         +/- 13.34        (132.8%)

correlation matrix of the fit parameters:
                M1     B1     
M1              1.000 
B1             -1.000  1.000 


*******************************************************************************
Wed Apr 27 23:04:43 2016


FIT:    data read from "Temperatura_Min_Max_jal.dat" u 1:3
        format = x:z
        x range restricted to [1970.00 : 2015.00]
        #datapoints = 43
        residuals are weighted equally (unit weight)

function used for fitting: r2(x)
	r2(x) = M2*x+B2
fitted parameters initialized with current variable values

iter      chisq       delta/lim  lambda   M2            B2           
   0 1.6588992720e+08  0.00e+00 1.41e+03  1.000000e+00  1.000000e+00
   8 7.6272183630e+00 -8.73e-05 1.41e-05  5.376019e-03  1.817469e+01

After 8 iterations the fit converged.
final sum of squares of residuals : 7.62722
rel. change during last iteration : -8.7302e-010

degrees of freedom    (FIT_NDF)                        : 41
rms of residuals      (FIT_STDFIT) = sqrt(WSSR/ndf)    : 0.431312
variance of residuals (reduced chisquare) = WSSR/ndf   : 0.18603

Final set of parameters            Asymptotic Standard Error
=======================            ==========================
M2              = 0.00537602       +/- 0.0053       (98.59%)
B2              = 18.1747          +/- 10.56        (58.09%)

correlation matrix of the fit parameters:
                M2     B2     
M2              1.000 
B2             -1.000  1.000 
