

*******************************************************************************
Wed Sep 24 09:03:26 2014


FIT:    data read from "puntos.dat" using 3:1
        format = t:z
        t range restricted to [0.000000 : 10.0000]
BREAK: No data to fit

*******************************************************************************
Wed Sep 24 09:04:19 2014


FIT:    data read from "puntos.dat" using 1:2
        format = t:z
        t range restricted to [0.000000 : 10.0000]
        #datapoints = 8
        residuals are weighted equally (unit weight)

function used for fitting: x(t)
	x(t)= v*t+v0
fitted parameters initialized with current variable values

iter      chisq       delta/lim  lambda   v             v0           
   0 1.1400000000e+01  0.00e+00 4.53e+00  1.000000e+00  1.000000e+00
   4 3.0665384615e+00 -2.19e-04 4.53e-04  9.346154e-01  3.596154e-01

After 4 iterations the fit converged.
final sum of squares of residuals : 3.06654
rel. change during last iteration : -2.1891e-009

degrees of freedom    (FIT_NDF)                        : 6
rms of residuals      (FIT_STDFIT) = sqrt(WSSR/ndf)    : 0.714905
variance of residuals (reduced chisquare) = WSSR/ndf   : 0.51109

Final set of parameters            Asymptotic Standard Error
=======================            ==========================
v               = 0.934615         +/- 0.08095      (8.661%)
v0              = 0.359615         +/- 0.512        (142.4%)

correlation matrix of the fit parameters:
                v      v0     
v               1.000 
v0             -0.870  1.000 


*******************************************************************************
Wed Sep 24 09:05:07 2014


FIT:    data read from "puntos.dat" using 1:2
        format = t:z
        t range restricted to [0.000000 : 10.0000]
        #datapoints = 8
        residuals are weighted equally (unit weight)

function used for fitting: x(t)
	x(t)= v*t+v0
fitted parameters initialized with current variable values

iter      chisq       delta/lim  lambda   v             v0           
   0 1.1400000000e+01  0.00e+00 4.53e+00  1.000000e+00  1.000000e+00
   4 3.0665384615e+00 -2.19e-04 4.53e-04  9.346154e-01  3.596154e-01

After 4 iterations the fit converged.
final sum of squares of residuals : 3.06654
rel. change during last iteration : -2.1891e-009

degrees of freedom    (FIT_NDF)                        : 6
rms of residuals      (FIT_STDFIT) = sqrt(WSSR/ndf)    : 0.714905
variance of residuals (reduced chisquare) = WSSR/ndf   : 0.51109

Final set of parameters            Asymptotic Standard Error
=======================            ==========================
v               = 0.934615         +/- 0.08095      (8.661%)
v0              = 0.359615         +/- 0.512        (142.4%)

correlation matrix of the fit parameters:
                v      v0     
v               1.000 
v0             -0.870  1.000 


*******************************************************************************
Wed Sep 24 09:05:38 2014


FIT:    data read from "puntos.dat" using 1:2
        format = t:z
        t range restricted to [0.000000 : 10.0000]
        #datapoints = 8
        residuals are weighted equally (unit weight)

function used for fitting: x(t)
	x(t)= v*t+v0
fitted parameters initialized with current variable values

iter      chisq       delta/lim  lambda   v             v0           
   0 1.1400000000e+01  0.00e+00 4.53e+00  1.000000e+00  1.000000e+00
   4 3.0665384615e+00 -2.19e-04 4.53e-04  9.346154e-01  3.596154e-01

After 4 iterations the fit converged.
final sum of squares of residuals : 3.06654
rel. change during last iteration : -2.1891e-009

degrees of freedom    (FIT_NDF)                        : 6
rms of residuals      (FIT_STDFIT) = sqrt(WSSR/ndf)    : 0.714905
variance of residuals (reduced chisquare) = WSSR/ndf   : 0.51109

Final set of parameters            Asymptotic Standard Error
=======================            ==========================
v               = 0.934615         +/- 0.08095      (8.661%)
v0              = 0.359615         +/- 0.512        (142.4%)

correlation matrix of the fit parameters:
                v      v0     
v               1.000 
v0             -0.870  1.000 


*******************************************************************************
Wed Sep 24 09:06:24 2014


FIT:    data read from "puntos.dat" using 1:2
        format = t:z
        t range restricted to [0.000000 : 10.0000]
        #datapoints = 8
        residuals are weighted equally (unit weight)

function used for fitting: x(t)
	x(t)= v*t+v0
fitted parameters initialized with current variable values

iter      chisq       delta/lim  lambda   v             v0           
   0 1.1400000000e+01  0.00e+00 4.53e+00  1.000000e+00  1.000000e+00
   4 3.0665384615e+00 -2.19e-04 4.53e-04  9.346154e-01  3.596154e-01

After 4 iterations the fit converged.
final sum of squares of residuals : 3.06654
rel. change during last iteration : -2.1891e-009

degrees of freedom    (FIT_NDF)                        : 6
rms of residuals      (FIT_STDFIT) = sqrt(WSSR/ndf)    : 0.714905
variance of residuals (reduced chisquare) = WSSR/ndf   : 0.51109

Final set of parameters            Asymptotic Standard Error
=======================            ==========================
v               = 0.934615         +/- 0.08095      (8.661%)
v0              = 0.359615         +/- 0.512        (142.4%)

correlation matrix of the fit parameters:
                v      v0     
v               1.000 
v0             -0.870  1.000 


*******************************************************************************
Wed Sep 24 09:13:44 2014


FIT:    data read from "puntos.dat" using 1:2
        format = x:z
        x range restricted to [0.000000 : 10.0000]
        #datapoints = 8
        residuals are weighted equally (unit weight)

function used for fitting: y(x)
	y(x)=m*x+b
fitted parameters initialized with current variable values

iter      chisq       delta/lim  lambda   m             b            
   0 1.1400000000e+01  0.00e+00 4.53e+00  1.000000e+00  1.000000e+00
   4 3.0665384615e+00 -2.19e-04 4.53e-04  9.346154e-01  3.596154e-01

After 4 iterations the fit converged.
final sum of squares of residuals : 3.06654
rel. change during last iteration : -2.1891e-009

degrees of freedom    (FIT_NDF)                        : 6
rms of residuals      (FIT_STDFIT) = sqrt(WSSR/ndf)    : 0.714905
variance of residuals (reduced chisquare) = WSSR/ndf   : 0.51109

Final set of parameters            Asymptotic Standard Error
=======================            ==========================
m               = 0.934615         +/- 0.08095      (8.661%)
b               = 0.359615         +/- 0.512        (142.4%)

correlation matrix of the fit parameters:
                m      b      
m               1.000 
b              -0.870  1.000 


*******************************************************************************
Wed Sep 24 09:22:22 2014


FIT:    data read from "puntos.dat" using 1:2
        format = x:z
        x range restricted to [0.000000 : 10.0000]
        #datapoints = 8
        residuals are weighted equally (unit weight)

function used for fitting: y(x)
	y(x)=m*x+b
fitted parameters initialized with current variable values

iter      chisq       delta/lim  lambda   m             b            
   0 1.1400000000e+01  0.00e+00 4.53e+00  1.000000e+00  1.000000e+00
   4 3.0665384615e+00 -2.19e-04 4.53e-04  9.346154e-01  3.596154e-01

After 4 iterations the fit converged.
final sum of squares of residuals : 3.06654
rel. change during last iteration : -2.1891e-009

degrees of freedom    (FIT_NDF)                        : 6
rms of residuals      (FIT_STDFIT) = sqrt(WSSR/ndf)    : 0.714905
variance of residuals (reduced chisquare) = WSSR/ndf   : 0.51109

Final set of parameters            Asymptotic Standard Error
=======================            ==========================
m               = 0.934615         +/- 0.08095      (8.661%)
b               = 0.359615         +/- 0.512        (142.4%)

correlation matrix of the fit parameters:
                m      b      
m               1.000 
b              -0.870  1.000 


*******************************************************************************
Wed Sep 24 09:22:38 2014


FIT:    data read from "puntos.dat" using 1:2
        format = x:z
        x range restricted to [0.000000 : 10.0000]
        #datapoints = 8
        residuals are weighted equally (unit weight)

function used for fitting: y(x)
	y(x)=m*x+b
fitted parameters initialized with current variable values

iter      chisq       delta/lim  lambda   m             b            
   0 1.1400000000e+01  0.00e+00 4.53e+00  1.000000e+00  1.000000e+00
   4 3.0665384615e+00 -2.19e-04 4.53e-04  9.346154e-01  3.596154e-01

After 4 iterations the fit converged.
final sum of squares of residuals : 3.06654
rel. change during last iteration : -2.1891e-009

degrees of freedom    (FIT_NDF)                        : 6
rms of residuals      (FIT_STDFIT) = sqrt(WSSR/ndf)    : 0.714905
variance of residuals (reduced chisquare) = WSSR/ndf   : 0.51109

Final set of parameters            Asymptotic Standard Error
=======================            ==========================
m               = 0.934615         +/- 0.08095      (8.661%)
b               = 0.359615         +/- 0.512        (142.4%)

correlation matrix of the fit parameters:
                m      b      
m               1.000 
b              -0.870  1.000 


*******************************************************************************
Wed Sep 24 09:23:01 2014


FIT:    data read from "puntos.dat" using 1:2
        format = x:z
        x range restricted to [0.000000 : 10.0000]
        #datapoints = 8
        residuals are weighted equally (unit weight)

function used for fitting: y(x)
	y(x)=m*x+b
fitted parameters initialized with current variable values

iter      chisq       delta/lim  lambda   m             b            
   0 1.1400000000e+01  0.00e+00 4.53e+00  1.000000e+00  1.000000e+00
   4 3.0665384615e+00 -2.19e-04 4.53e-04  9.346154e-01  3.596154e-01

After 4 iterations the fit converged.
final sum of squares of residuals : 3.06654
rel. change during last iteration : -2.1891e-009

degrees of freedom    (FIT_NDF)                        : 6
rms of residuals      (FIT_STDFIT) = sqrt(WSSR/ndf)    : 0.714905
variance of residuals (reduced chisquare) = WSSR/ndf   : 0.51109

Final set of parameters            Asymptotic Standard Error
=======================            ==========================
m               = 0.934615         +/- 0.08095      (8.661%)
b               = 0.359615         +/- 0.512        (142.4%)

correlation matrix of the fit parameters:
                m      b      
m               1.000 
b              -0.870  1.000 


*******************************************************************************
Wed Sep 24 09:23:33 2014


FIT:    data read from "puntos.dat" using 1:2
        format = x:z
        x range restricted to [0.000000 : 10.0000]
        #datapoints = 8
        residuals are weighted equally (unit weight)

function used for fitting: y(x)
	y(x)=m*x+b
fitted parameters initialized with current variable values

iter      chisq       delta/lim  lambda   m             b            
   0 1.1400000000e+01  0.00e+00 4.53e+00  1.000000e+00  1.000000e+00
   4 3.0665384615e+00 -2.19e-04 4.53e-04  9.346154e-01  3.596154e-01

After 4 iterations the fit converged.
final sum of squares of residuals : 3.06654
rel. change during last iteration : -2.1891e-009

degrees of freedom    (FIT_NDF)                        : 6
rms of residuals      (FIT_STDFIT) = sqrt(WSSR/ndf)    : 0.714905
variance of residuals (reduced chisquare) = WSSR/ndf   : 0.51109

Final set of parameters            Asymptotic Standard Error
=======================            ==========================
m               = 0.934615         +/- 0.08095      (8.661%)
b               = 0.359615         +/- 0.512        (142.4%)

correlation matrix of the fit parameters:
                m      b      
m               1.000 
b              -0.870  1.000 


*******************************************************************************
Wed Nov 26 12:02:10 2014


FIT:    data read from "puntos.dat" using 1:2
        format = x:z
        x range restricted to [0.000000 : 10.0000]
        #datapoints = 8
        residuals are weighted equally (unit weight)

function used for fitting: y(x)
	y(x)=m*x+b
fitted parameters initialized with current variable values

iter      chisq       delta/lim  lambda   m             b            
   0 1.1400000000e+01  0.00e+00 4.53e+00  1.000000e+00  1.000000e+00
   4 3.0665384615e+00 -2.19e-04 4.53e-04  9.346154e-01  3.596154e-01

After 4 iterations the fit converged.
final sum of squares of residuals : 3.06654
rel. change during last iteration : -2.1891e-009

degrees of freedom    (FIT_NDF)                        : 6
rms of residuals      (FIT_STDFIT) = sqrt(WSSR/ndf)    : 0.714905
variance of residuals (reduced chisquare) = WSSR/ndf   : 0.51109

Final set of parameters            Asymptotic Standard Error
=======================            ==========================
m               = 0.934615         +/- 0.08095      (8.661%)
b               = 0.359615         +/- 0.512        (142.4%)

correlation matrix of the fit parameters:
                m      b      
m               1.000 
b              -0.870  1.000 


*******************************************************************************
Wed Nov 26 12:06:51 2014


FIT:    data read from "puntos.dat" using 1:2
        format = x:z
        x range restricted to [0.000000 : 10.0000]
        #datapoints = 8
        residuals are weighted equally (unit weight)

function used for fitting: y(x)
	y(x)=m*x+b
fitted parameters initialized with current variable values

iter      chisq       delta/lim  lambda   m             b            
   0 1.1400000000e+01  0.00e+00 4.53e+00  1.000000e+00  1.000000e+00
   4 3.0665384615e+00 -2.19e-04 4.53e-04  9.346154e-01  3.596154e-01

After 4 iterations the fit converged.
final sum of squares of residuals : 3.06654
rel. change during last iteration : -2.1891e-009

degrees of freedom    (FIT_NDF)                        : 6
rms of residuals      (FIT_STDFIT) = sqrt(WSSR/ndf)    : 0.714905
variance of residuals (reduced chisquare) = WSSR/ndf   : 0.51109

Final set of parameters            Asymptotic Standard Error
=======================            ==========================
m               = 0.934615         +/- 0.08095      (8.661%)
b               = 0.359615         +/- 0.512        (142.4%)

correlation matrix of the fit parameters:
                m      b      
m               1.000 
b              -0.870  1.000 


*******************************************************************************
Sun Nov 30 07:15:11 2014


FIT:    data read from "puntos.dat" using 1:2
        format = x:z
        x range restricted to [0.000000 : 10.0000]
        #datapoints = 8
        residuals are weighted equally (unit weight)

function used for fitting: y(x)
	y(x)=m*x+b
fitted parameters initialized with current variable values

iter      chisq       delta/lim  lambda   m             b            
   0 1.1400000000e+01  0.00e+00 4.53e+00  1.000000e+00  1.000000e+00
   4 3.0665384615e+00 -2.19e-04 4.53e-04  9.346154e-01  3.596154e-01

After 4 iterations the fit converged.
final sum of squares of residuals : 3.06654
rel. change during last iteration : -2.1891e-009

degrees of freedom    (FIT_NDF)                        : 6
rms of residuals      (FIT_STDFIT) = sqrt(WSSR/ndf)    : 0.714905
variance of residuals (reduced chisquare) = WSSR/ndf   : 0.51109

Final set of parameters            Asymptotic Standard Error
=======================            ==========================
m               = 0.934615         +/- 0.08095      (8.661%)
b               = 0.359615         +/- 0.512        (142.4%)

correlation matrix of the fit parameters:
                m      b      
m               1.000 
b              -0.870  1.000 


*******************************************************************************
Mon Feb 02 16:50:27 2015


FIT:    data read from "puntos.dat" using 1:2
        format = x:z
        x range restricted to [0.000000 : 10.0000]
        #datapoints = 8
        residuals are weighted equally (unit weight)

function used for fitting: y(x)
	y(x)=m*x+b
fitted parameters initialized with current variable values

iter      chisq       delta/lim  lambda   m             b            
   0 1.1400000000e+01  0.00e+00 4.53e+00  1.000000e+00  1.000000e+00
   4 3.0665384615e+00 -2.19e-04 4.53e-04  9.346154e-01  3.596154e-01

After 4 iterations the fit converged.
final sum of squares of residuals : 3.06654
rel. change during last iteration : -2.1891e-009

degrees of freedom    (FIT_NDF)                        : 6
rms of residuals      (FIT_STDFIT) = sqrt(WSSR/ndf)    : 0.714905
variance of residuals (reduced chisquare) = WSSR/ndf   : 0.51109

Final set of parameters            Asymptotic Standard Error
=======================            ==========================
m               = 0.934615         +/- 0.08095      (8.661%)
b               = 0.359615         +/- 0.512        (142.4%)

correlation matrix of the fit parameters:
                m      b      
m               1.000 
b              -0.870  1.000 


*******************************************************************************
Sun Apr 19 19:40:04 2015


FIT:    data read from "puntos.dat" using 1:2
        format = x:z
        x range restricted to [0.000000 : 10.0000]
        #datapoints = 8
        residuals are weighted equally (unit weight)

function used for fitting: y(x)
	y(x)=m*x+b
fitted parameters initialized with current variable values

iter      chisq       delta/lim  lambda   m             b            
   0 1.1400000000e+01  0.00e+00 4.53e+00  1.000000e+00  1.000000e+00
   4 3.0665384615e+00 -2.19e-04 4.53e-04  9.346154e-01  3.596154e-01

After 4 iterations the fit converged.
final sum of squares of residuals : 3.06654
rel. change during last iteration : -2.1891e-009

degrees of freedom    (FIT_NDF)                        : 6
rms of residuals      (FIT_STDFIT) = sqrt(WSSR/ndf)    : 0.714905
variance of residuals (reduced chisquare) = WSSR/ndf   : 0.51109

Final set of parameters            Asymptotic Standard Error
=======================            ==========================
m               = 0.934615         +/- 0.08095      (8.661%)
b               = 0.359615         +/- 0.512        (142.4%)

correlation matrix of the fit parameters:
                m      b      
m               1.000 
b              -0.870  1.000 
